<?xml version="1.0" encoding="UTF-8"?>
<!-- Generated by org.testng.reporters.JUnitReportReporter -->
<testsuite skipped="0" hostname="DESKTOP-1QRODO8" name="Day10.GoogleTest" tests="2" failures="0" timestamp="14 Sep 2020 11:27:46 GMT" time="4.302" errors="0">
  <testcase name="searchTest1" time="1.921" classname="Day10.GoogleTest"/>
  <testcase name="titleTest" time="2.381" classname="Day10.GoogleTest"/>
</testsuite> <!-- Day10.GoogleTest -->
