<?xml version="1.0" encoding="UTF-8"?>
<!-- Generated by org.testng.reporters.JUnitReportReporter -->
<testsuite skipped="0" hostname="DESKTOP-1QRODO8" name="Day10.DataBase" tests="1" failures="0" timestamp="14 Sep 2020 17:23:32 GMT" time="19.396" errors="0">
  <testcase name="DatabasePara" time="19.396" classname="Day10.DataBase"/>
</testsuite> <!-- Day10.DataBase -->
