<?xml version="1.0" encoding="UTF-8"?>
<!-- Generated by org.testng.reporters.JUnitReportReporter -->
<testsuite skipped="0" hostname="DESKTOP-1QRODO8" name="Day10.GoogleTest" tests="2" failures="0" timestamp="14 Sep 2020 17:12:07 GMT" time="5.220" errors="0">
  <testcase name="titleTest" time="3.029" classname="Day10.GoogleTest"/>
  <testcase name="searchTest1" time="2.191" classname="Day10.GoogleTest"/>
</testsuite> <!-- Day10.GoogleTest -->
